[debug] ----------------------------------------------------------------------
[debug] Command:      C:\Program Files\nodejs\node.exe C:\Users\Iamnauber\AppData\Roaming\npm\node_modules\firebase-tools\bin\firebase serve -p 5002
[debug] CLI Version:  3.5.0
[debug] Platform:     win32
[debug] Node Version: v6.10.0
[debug] Time:         Mon Mar 20 2017 12:26:27 GMT+0100 (Västeuropa, normaltid)
[debug] ----------------------------------------------------------------------
[debug] 
[info] Starting Firebase development server...
[info] 
[info] Project Directory: E:\Chat, inl 2
[info] Public Directory: ./
[info] 
[info] Server listening at: http://localhost:5002
[debug] ----------------------------------------------------------------------
[debug] Command:      C:\Program Files\nodejs\node.exe C:\Users\Iamnauber\AppData\Roaming\npm\node_modules\firebase-tools\bin\firebase serve
[debug] CLI Version:  3.5.0
[debug] Platform:     win32
[debug] Node Version: v6.10.0
[debug] Time:         Mon Mar 20 2017 12:43:26 GMT+0100 (Västeuropa, normaltid)
[debug] ----------------------------------------------------------------------
[debug] 
[info] Starting Firebase development server...
[info] 
[info] Project Directory: E:\Chat, inl 2
[info] Public Directory: ./
[info] 
[info] Server listening at: http://localhost:5000
[debug] ----------------------------------------------------------------------
[debug] Command:      C:\Program Files\nodejs\node.exe C:\Users\Iamnauber\AppData\Roaming\npm\node_modules\firebase-tools\bin\firebase serve -p 5003
[debug] CLI Version:  3.5.0
[debug] Platform:     win32
[debug] Node Version: v6.10.0
[debug] Time:         Mon Mar 20 2017 12:44:09 GMT+0100 (Västeuropa, normaltid)
[debug] ----------------------------------------------------------------------
[debug] 
[info] Starting Firebase development server...
[info] 
[info] Project Directory: E:\Chat, inl 2
[info] Public Directory: ./
[info] 
[info] Server listening at: http://localhost:5003
[debug] ----------------------------------------------------------------------
[debug] Command:      C:\Program Files\nodejs\node.exe C:\Users\Iamnauber\AppData\Roaming\npm\node_modules\firebase-tools\bin\firebase serve -p 5004
[debug] CLI Version:  3.5.0
[debug] Platform:     win32
[debug] Node Version: v6.10.0
[debug] Time:         Mon Mar 20 2017 12:50:27 GMT+0100 (Västeuropa, normaltid)
[debug] ----------------------------------------------------------------------
[debug] 
[info] Starting Firebase development server...
[info] 
[info] Project Directory: C:\Users\Iamnauber\Desktop\Chat, inl 2
[info] Public Directory: ./
[info] 
[info] Server listening at: http://localhost:5004
[debug] ----------------------------------------------------------------------
[debug] Command:      C:\Program Files\nodejs\node.exe C:\Users\Iamnauber\AppData\Roaming\npm\node_modules\firebase-tools\bin\firebase serve -p 5005
[debug] CLI Version:  3.5.0
[debug] Platform:     win32
[debug] Node Version: v6.10.0
[debug] Time:         Mon Mar 20 2017 14:02:39 GMT+0100 (Västeuropa, normaltid)
[debug] ----------------------------------------------------------------------
[debug] 
[info] Starting Firebase development server...
[info] 
[info] Project Directory: C:\Users\Iamnauber\Desktop\Chat, inl 2
[info] Public Directory: ./
[info] 
[info] Server listening at: http://localhost:5005
