[debug] ----------------------------------------------------------------------
[debug] Command:      C:\Program Files\nodejs\node.exe C:\Users\naube\AppData\Roaming\npm\node_modules\firebase-tools\bin\firebase serve
[debug] CLI Version:  3.9.0
[debug] Platform:     win32
[debug] Node Version: v8.0.0
[debug] Time:         Fri Jun 02 2017 14:09:57 GMT+0200 (Västeuropa, sommartid)
[debug] ----------------------------------------------------------------------
[debug] 
[debug] > command requires scopes: ["email","openid","https://www.googleapis.com/auth/cloudplatformprojects.readonly","https://www.googleapis.com/auth/firebase","https://www.googleapis.com/auth/cloud-platform"]
[debug] >>> HTTP REQUEST GET https://admin.firebase.com/v1/projects/myam-9e0c7  
 Fri Jun 02 2017 14:09:57 GMT+0200 (Västeuropa, sommartid)
[debug] <<< HTTP RESPONSE 200
[debug] >>> HTTP REQUEST GET https://admin.firebase.com/v1/database/myam-9e0c7/tokens  
 Fri Jun 02 2017 14:09:58 GMT+0200 (Västeuropa, sommartid)
[debug] <<< HTTP RESPONSE 200
[info] 
[info] === Serving from 'C:\Users\naube\Google Drive\JS3_project'...
[info] 
[debug] >>> HTTP REQUEST GET https://cloudresourcemanager.googleapis.com/v1/projects/myam-9e0c7  
 Fri Jun 02 2017 14:09:59 GMT+0200 (Västeuropa, sommartid)
[debug] <<< HTTP RESPONSE 200
[debug] >>> HTTP REQUEST GET https://mobilesdk-pa.googleapis.com/v1/projects/1072216414497/clients/_:getWebAppConfig  
 Fri Jun 02 2017 14:10:00 GMT+0200 (Västeuropa, sommartid)
[debug] <<< HTTP RESPONSE 200
[info] i  hosting: Serving hosting files from: ./
[info] +  hosting: Local server: http://localhost:5000

[debug] ----------------------------------------------------------------------
[debug] Command:      C:\Program Files\nodejs\node.exe C:\Users\Iamnauber\AppData\Roaming\npm\node_modules\firebase-tools\bin\firebase serve
[debug] CLI Version:  3.5.0
[debug] Platform:     win32
[debug] Node Version: v6.10.0
[debug] Time:         Wed Jun 21 2017 11:01:34 GMT+0200 (Västeuropa, sommartid)
[debug] ----------------------------------------------------------------------
[debug] 
[info] Starting Firebase development server...
[info] 
[info] Project Directory: C:\Users\Iamnauber\Google Drive\Code\JS3_Project
[info] Public Directory: ./
[info] 
[info] Server listening at: http://localhost:5000
[debug] ----------------------------------------------------------------------
[debug] Command:      C:\Program Files\nodejs\node.exe C:\Users\Iamnauber\AppData\Roaming\npm\node_modules\firebase-tools\bin\firebase serve
[debug] CLI Version:  3.5.0
[debug] Platform:     win32
[debug] Node Version: v6.10.0
[debug] Time:         Wed Jun 21 2017 11:05:06 GMT+0200 (Västeuropa, sommartid)
[debug] ----------------------------------------------------------------------
[debug] 
[info] Starting Firebase development server...
[info] 
[info] Project Directory: C:\Users\Iamnauber\Google Drive\Code\JS3_Project
[warn] !  Port 5000 is not available. Trying another port...
[info] Public Directory: ./
[info] 
[info] Server listening at: http://localhost:5001
[debug] ----------------------------------------------------------------------
[debug] Command:      C:\Program Files\nodejs\node.exe C:\Users\Iamnauber\AppData\Roaming\npm\node_modules\firebase-tools\bin\firebase serve
[debug] CLI Version:  3.5.0
[debug] Platform:     win32
[debug] Node Version: v6.10.0
[debug] Time:         Wed Jun 21 2017 12:23:28 GMT+0200 (Västeuropa, sommartid)
[debug] ----------------------------------------------------------------------
[debug] 
[info] Starting Firebase development server...
[info] 
[info] Project Directory: C:\Users\Iamnauber\Google Drive\Code\JS3_Project
[info] Public Directory: ./
[info] 
[info] Server listening at: http://localhost:5000
